#
# A fatal error has been detected by the Java Runtime Environment:
#
#  Internal Error (javaClasses.cpp:126), pid=3124, tid=2460
#  fatal error: Invalid layout of preloaded class
#
# JRE version:  (8.0_25-b18) (build )
# Java VM: Java HotSpot(TM) 64-Bit Server VM (25.25-b02 mixed mode windows-amd64 compressed oops)
# Failed to write core dump. Minidumps are not enabled by default on client versions of Windows
#
# If you would like to submit a bug report, please visit:
#   http://bugreport.sun.com/bugreport/crash.jsp
#

---------------  T H R E A D  ---------------

Current thread (0x0000000002d70800):  JavaThread "Unknown thread" [_thread_in_vm, id=2460, stack(0x0000000002c70000,0x0000000002d70000)]

Stack: [0x0000000002c70000,0x0000000002d70000]
Native frames: (J=compiled Java code, j=interpreted, Vv=VM code, C=native code)
V  [jvm.dll+0x31667a]
V  [jvm.dll+0x267073]
V  [jvm.dll+0x267cb3]
V  [jvm.dll+0x25f536]
V  [jvm.dll+0x5e773]
V  [jvm.dll+0x5e863]
V  [jvm.dll+0x731ca]
V  [jvm.dll+0x73528]
V  [jvm.dll+0xe48b7]
V  [jvm.dll+0xe4c46]
V  [jvm.dll+0x1f9ae7]
V  [jvm.dll+0x22b2e4]
V  [jvm.dll+0x14d571]
C  [javaw.exe+0x20c6]
C  [javaw.exe+0xc9eb]
C  [javaw.exe+0xca7f]
C  [KERNEL32.DLL+0x16ad]
C  [ntdll.dll+0x15454]


---------------  P R O C E S S  ---------------

Java Threads: ( => current thread )

Other Threads:

=>0x0000000002d70800 (exited) JavaThread "Unknown thread" [_thread_in_vm, id=2460, stack(0x0000000002c70000,0x0000000002d70000)]

VM state:not at safepoint (not fully initialized)

VM Mutex/Monitor currently owned by a thread: None

GC Heap History (0 events):
No events

Deoptimization events (0 events):
No events

Internal exceptions (0 events):
No events

Events (10 events):
Event: 0.011 loading class java/lang/CharSequence done
Event: 0.011 loading class java/lang/String done
Event: 0.011 loading class java/lang/Class
Event: 0.011 loading class java/lang/reflect/AnnotatedElement
Event: 0.011 loading class java/lang/reflect/AnnotatedElement done
Event: 0.011 loading class java/lang/reflect/GenericDeclaration
Event: 0.011 loading class java/lang/reflect/GenericDeclaration done
Event: 0.011 loading class java/lang/reflect/Type
Event: 0.011 loading class java/lang/reflect/Type done
Event: 0.011 loading class java/lang/Class done


Dynamic libraries:
0x00007ff7cedb0000 - 0x00007ff7cede4000 	C:\Program Files\Java\jre1.8.0_25\bin\javaw.exe
0x00007ffa919d0000 - 0x00007ffa91b7c000 	C:\Windows\SYSTEM32\ntdll.dll
0x00007ffa91750000 - 0x00007ffa9188a000 	C:\Windows\system32\KERNEL32.DLL
0x00007ffa8ece0000 - 0x00007ffa8edef000 	C:\Windows\system32\KERNELBASE.dll
0x00007ffa8d5b0000 - 0x00007ffa8d638000 	C:\Windows\system32\apphelp.dll
0x00007ffa8c680000 - 0x00007ffa8c6cf000 	C:\Windows\AppPatch\AppPatch64\AcGenral.DLL
0x00007ffa91640000 - 0x00007ffa916e7000 	C:\Windows\system32\msvcrt.dll
0x00007ffa8e7b0000 - 0x00007ffa8e7db000 	C:\Windows\SYSTEM32\SspiCli.dll
0x00007ffa915e0000 - 0x00007ffa91631000 	C:\Windows\system32\SHLWAPI.dll
0x00007ffa8f460000 - 0x00007ffa8f5d1000 	C:\Windows\system32\USER32.dll
0x00007ffa8f8d0000 - 0x00007ffa8fa64000 	C:\Windows\system32\ole32.dll
0x00007ffa8fe50000 - 0x00007ffa9125f000 	C:\Windows\system32\SHELL32.dll
0x00007ffa8dfc0000 - 0x00007ffa8dfde000 	C:\Windows\SYSTEM32\USERENV.dll
0x00007ffa8f090000 - 0x00007ffa8f135000 	C:\Windows\system32\ADVAPI32.dll
0x00007ffa85a40000 - 0x00007ffa85a5b000 	C:\Windows\SYSTEM32\MPR.dll
0x00007ffa91380000 - 0x00007ffa914c1000 	C:\Windows\system32\RPCRT4.dll
0x00007ffa91270000 - 0x00007ffa912c9000 	C:\Windows\SYSTEM32\sechost.dll
0x00007ffa8f140000 - 0x00007ffa8f316000 	C:\Windows\SYSTEM32\combase.dll
0x00007ffa8ef40000 - 0x00007ffa8f084000 	C:\Windows\system32\GDI32.dll
0x00007ffa8e920000 - 0x00007ffa8e934000 	C:\Windows\SYSTEM32\profapi.dll
0x00007ffa8ce10000 - 0x00007ffa8ceaf000 	C:\Windows\SYSTEM32\SHCORE.dll
0x00007ffa8fa90000 - 0x00007ffa8fac4000 	C:\Windows\system32\IMM32.DLL
0x00007ffa8f770000 - 0x00007ffa8f8c2000 	C:\Windows\system32\MSCTF.dll
0x00007ffa8bad0000 - 0x00007ffa8bd4a000 	C:\Windows\WinSxS\amd64_microsoft.windows.common-controls_6595b64144ccf1df_6.0.9600.17810_none_6240b9c7ecbd0bda\COMCTL32.dll
0x000000006bc40000 - 0x000000006bd12000 	C:\Program Files\Java\jre1.8.0_25\bin\msvcr100.dll
0x000000006c190000 - 0x000000006c9ea000 	C:\Program Files\Java\jre1.8.0_25\bin\server\jvm.dll
0x00007ffa8b7e0000 - 0x00007ffa8b7e9000 	C:\Windows\SYSTEM32\WSOCK32.dll
0x00007ffa8ee50000 - 0x00007ffa8ee6f000 	C:\Windows\system32\WINMM.dll
0x00007ffa91260000 - 0x00007ffa91267000 	C:\Windows\system32\PSAPI.DLL
0x00007ffa8f320000 - 0x00007ffa8f378000 	C:\Windows\system32\WS2_32.dll
0x00007ffa8ea00000 - 0x00007ffa8ea2a000 	C:\Windows\system32\WINMMBASE.dll
0x00007ffa8f380000 - 0x00007ffa8f389000 	C:\Windows\system32\NSI.dll
0x00007ffa8eec0000 - 0x00007ffa8ef0a000 	C:\Windows\SYSTEM32\cfgmgr32.dll
0x00007ffa8e9d0000 - 0x00007ffa8e9f6000 	C:\Windows\system32\DEVOBJ.dll
0x000000006c0a0000 - 0x000000006c0af000 	C:\Program Files\Java\jre1.8.0_25\bin\verify.dll
0x000000006c070000 - 0x000000006c098000 	C:\Program Files\Java\jre1.8.0_25\bin\java.dll
0x000000006c050000 - 0x000000006c066000 	C:\Program Files\Java\jre1.8.0_25\bin\zip.dll
0x00007ffa8a1c0000 - 0x00007ffa8a348000 	C:\Windows\SYSTEM32\dbghelp.dll

VM Arguments:
jvm_args: -Dfile.encoding=UTF-8 -Xbootclasspath:C:\android-sdk\platforms\android-20\android.jar 
java_command: test
java_class_path (initial): F:\tlWorkSpace\FilePlore\libs\barcode_core.jar;F:\tlWorkSpace\FilePlore\libs\HttpDownload.jar;F:\tlWorkSpace\FilePlore\libs\disklrucache-2.0.1.jar;F:\tlWorkSpace\FilePlore\libs\android-support-v4.jar;F:\tlWorkSpace\FilePlore\libs\universal-image-loader-1.9.4-SNAPSHOT.jar;F:\tlWorkSpace\FilePlore\libs\jcifs-1.3.18.jar;F:\tlWorkSpace\FilePlore\libs\CoreSynergyStorage.jar;F:\tlWorkSpace\FilePlore\libs\alljoyn.jar;F:\tlWorkSpace\FilePlore\libs\protobuf-java-2.6.1.jar;F:\tlWorkSpace\SlidingMenuLib\bin\slidingmenulib.jar;F:\tlWorkSpace\FilePlore\bin\classes
Launcher Type: SUN_STANDARD

Environment Variables:
JAVA_HOME=C:\Program Files\Java\jdk1.8.0_20
PATH=C:/Program Files/Java/jre1.8.0_25/bin/server;C:/Program Files/Java/jre1.8.0_25/bin;C:/Program Files/Java/jre1.8.0_25/lib/amd64;C:\ProgramData\Oracle\Java\javapath;C:\WINDOWS\system32;C:\Program Files\Java\jdk1.8.0_20\bin;C:\Program Files\Java\jdk1.8.0_20\jre\bin;F:\project\android\android-sdk-windows\tools;F:\project\android\android-ndk-r9d;C:\Program Files (x86)\Microsoft SQL Server\100\Tools\Binn\;C:\Program Files\Microsoft SQL Server\100\Tools\Binn\;C:\Program Files\Microsoft SQL Server\100\DTS\Binn\;F:\project\android\android-sdk-windows\tools;C:\Program Files\TortoiseSVN\bin;F:\project\android\android-sdk-windows\platform-tools;C:\Program Files (x86)\Intel\OpenCL SDK\2.0\bin\x86;C:\Program Files (x86)\Intel\OpenCL SDK\2.0\bin\x64;C:\Program Files (x86)\Skype\Phone\;C:\Windows;C:\Windows\system32\wbem;F:\Users\dxh1\workspace\CallJNI\CallJNI\Debug;C:\eclipse;
USERNAME=dxh1
OS=Windows_NT
PROCESSOR_IDENTIFIER=Intel64 Family 6 Model 42 Stepping 7, GenuineIntel



---------------  S Y S T E M  ---------------

OS: Windows 8.1 , 64 bit Build 9600 

CPU:total 4 (2 cores per cpu, 2 threads per core) family 6 model 42 stepping 7, cmov, cx8, fxsr, mmx, sse, sse2, sse3, ssse3, sse4.1, sse4.2, popcnt, avx, clmul, ht, tsc, tscinvbit

Memory: 4k page, physical 4096892k(1155716k free), swap 7242620k(3098244k free)

vm_info: Java HotSpot(TM) 64-Bit Server VM (25.25-b02) for windows-amd64 JRE (1.8.0_25-b18), built on Oct  7 2014 14:25:37 by "java_re" with MS VC++ 10.0 (VS2010)

time: Sun Sep 06 10:33:09 2015
elapsed time: 0 seconds (0d 0h 0m 0s)

